2026-01-18 17:19:45.076723 - ENCRYPT | hash=ba7816bf8f01cfea414140de5dae2223b00361a396177a9cb410ff61f20015ad
2026-01-18 17:20:01.473823 - ENCRYPT | hash=ba7816bf8f01cfea414140de5dae2223b00361a396177a9cb410ff61f20015ad
2026-01-18 17:20:13.544101 - DECRYPT | hash=ba7816bf8f01cfea414140de5dae2223b00361a396177a9cb410ff61f20015ad
2026-01-18 17:20:24.140470 - ENCRYPT | hash=ba7816bf8f01cfea414140de5dae2223b00361a396177a9cb410ff61f20015ad
[2026-01-18 18:45:28.611051] ENCRYPT: 97b0e2228740cea5c0c30422cef90f8a862d86407a9d1c0e53f9056811df6b19
[2026-01-18 18:45:47.975180] DECRYPT: 97b0e2228740cea5c0c30422cef90f8a862d86407a9d1c0e53f9056811df6b19
[2026-01-18 18:46:04.781038] ENCRYPT: 97b0e2228740cea5c0c30422cef90f8a862d86407a9d1c0e53f9056811df6b19
[2026-01-18 18:46:19.117103] DECRYPT: 97b0e2228740cea5c0c30422cef90f8a862d86407a9d1c0e53f9056811df6b19
[2026-01-18 18:46:37.267110] ENCRYPT: 97b0e2228740cea5c0c30422cef90f8a862d86407a9d1c0e53f9056811df6b19
[2026-01-18 18:46:52.138834] DECRYPT: 97b0e2228740cea5c0c30422cef90f8a862d86407a9d1c0e53f9056811df6b19
[2026-01-18 18:54:11.628500] ENCRYPT: 97b0e2228740cea5c0c30422cef90f8a862d86407a9d1c0e53f9056811df6b19
[2026-01-18 18:54:25.686364] DECRYPT: 97b0e2228740cea5c0c30422cef90f8a862d86407a9d1c0e53f9056811df6b19
[2026-01-18 18:57:02.156309] ENCRYPT: 97b0e2228740cea5c0c30422cef90f8a862d86407a9d1c0e53f9056811df6b19
[2026-01-18 18:57:15.168285] DECRYPT: 97b0e2228740cea5c0c30422cef90f8a862d86407a9d1c0e53f9056811df6b19
[2026-01-18 18:57:34.322038] ENCRYPT: 97b0e2228740cea5c0c30422cef90f8a862d86407a9d1c0e53f9056811df6b19
[2026-01-18 18:57:48.600417] DECRYPT: 97b0e2228740cea5c0c30422cef90f8a862d86407a9d1c0e53f9056811df6b19
[2026-01-18 18:58:29.901772] ENCRYPT: e03a36f13d4b3080a96d93913621cf789234be179372954a4c8fc2a716e515b0
[2026-01-18 18:58:43.500741] DECRYPT: e03a36f13d4b3080a96d93913621cf789234be179372954a4c8fc2a716e515b0
[2026-01-18 18:58:58.416197] DECRYPT: 97b0e2228740cea5c0c30422cef90f8a862d86407a9d1c0e53f9056811df6b19
[2026-01-18 19:13:29.085014] ENCRYPT: 03ac674216f3e15c761ee1a5e255f067953623c8b388b4459e13f978d7c846f4
[2026-01-18 19:13:43.463049] DECRYPT: 03ac674216f3e15c761ee1a5e255f067953623c8b388b4459e13f978d7c846f4
[2026-01-18 19:17:09.137083] ENCRYPT: 03ac674216f3e15c761ee1a5e255f067953623c8b388b4459e13f978d7c846f4
[2026-01-18 19:17:21.154447] DECRYPT: 03ac674216f3e15c761ee1a5e255f067953623c8b388b4459e13f978d7c846f4
[2026-01-18 19:17:36.242185] ENCRYPT: 03ac674216f3e15c761ee1a5e255f067953623c8b388b4459e13f978d7c846f4
[2026-01-18 19:17:50.336795] DECRYPT: 5f302d143dace627a6a87157fd1362b010874e4dc64609b17d87db648de0af3c
[2026-01-18 19:21:29.772304] ENCRYPT: 2c8b871e52d4e5f5db5ff84a82a45327e20df77edef961c4b6fa0e9c3d97ce5b
[2026-01-18 19:21:47.369856] DECRYPT: 2c8b871e52d4e5f5db5ff84a82a45327e20df77edef961c4b6fa0e9c3d97ce5b
[2026-01-20 17:06:51] ACTION=ENCRYPT | LENGTH=4
[2026-01-20 17:07:08] ACTION=DECRYPT | LENGTH=15
[2026-01-20 17:07:32] ACTION=ENCRYPT | LENGTH=15
[2026-01-20 17:07:46] ACTION=DECRYPT | LENGTH=51
[2026-01-20 18:22:02.749660] ENCRYPT len=4
[2026-01-20 18:22:21.744780] DECRYPT len=15
[2026-01-20 18:22:57.946578] ENCRYPT len=27
[2026-01-20 18:23:11.188788] DECRYPT len=91
